INFO 2024-05-06 17:24:14,925 autoreload 11069 8576334528Watching for file changes with StatReloader
WARNING 2024-05-06 17:24:16,783 log 11069 6200340480Not Found: /
WARNING 2024-05-06 17:24:16,785 basehttp 11069 6200340480"GET / HTTP/1.1" 404 2169
WARNING 2024-05-06 17:24:16,792 log 11069 6200340480Not Found: /favicon.ico
WARNING 2024-05-06 17:24:16,792 basehttp 11069 6200340480"GET /favicon.ico HTTP/1.1" 404 2220
WARNING 2024-05-06 17:24:21,800 log 11069 6200340480Not Found: /
WARNING 2024-05-06 17:24:21,801 basehttp 11069 6200340480"GET / HTTP/1.1" 404 2169
WARNING 2024-05-06 17:24:21,820 log 11069 6200340480Not Found: /favicon.ico
WARNING 2024-05-06 17:24:21,820 basehttp 11069 6200340480"GET /favicon.ico HTTP/1.1" 404 2220
WARNING 2024-05-06 17:24:23,314 log 11069 6200340480Not Found: /heads_and_tails/
WARNING 2024-05-06 17:24:23,316 basehttp 11069 6200340480"GET /heads_and_tails/ HTTP/1.1" 404 2235
INFO 2024-05-06 17:24:33,911 views 11069 6200340480About page accessed
INFO 2024-05-06 17:24:33,912 basehttp 11069 6200340480"GET /home/about/ HTTP/1.1" 200 140
INFO 2024-05-06 17:25:27,874 views 11069 6200340480Home page accessed
INFO 2024-05-06 17:25:27,876 basehttp 11069 6200340480"GET /home/ HTTP/1.1" 200 149
INFO 2024-05-08 04:16:03,586 autoreload 1244 8538405568Watching for file changes with StatReloader
INFO 2024-05-08 04:16:06,337 views 1244 6167621632Home page accessed
INFO 2024-05-08 04:16:06,337 basehttp 1244 6167621632"GET / HTTP/1.1" 200 149
WARNING 2024-05-08 04:16:06,363 log 1244 6167621632Not Found: /favicon.ico
WARNING 2024-05-08 04:16:06,364 basehttp 1244 6167621632"GET /favicon.ico HTTP/1.1" 404 2442
INFO 2024-05-08 04:16:10,013 views 1244 6201274368Home page accessed
INFO 2024-05-08 04:16:10,014 basehttp 1244 6201274368"GET / HTTP/1.1" 200 149
WARNING 2024-05-08 04:16:10,030 log 1244 6201274368Not Found: /favicon.ico
WARNING 2024-05-08 04:16:10,032 basehttp 1244 6201274368"GET /favicon.ico HTTP/1.1" 404 2442
INFO 2024-05-08 04:16:10,515 views 1244 6201274368About page accessed
INFO 2024-05-08 04:16:10,516 basehttp 1244 6201274368"GET /about/ HTTP/1.1" 200 140
INFO 2024-05-11 19:46:01,752 autoreload 2201 8597502656Watching for file changes with StatReloader
INFO 2024-05-11 19:46:04,049 views 2201 6130774016Home page accessed
INFO 2024-05-11 19:46:04,049 basehttp 2201 6130774016"GET / HTTP/1.1" 200 149
INFO 2024-05-11 19:53:20,426 autoreload 2339 8597502656Watching for file changes with StatReloader
INFO 2024-05-11 19:53:21,951 views 2339 6125154304Home page accessed
INFO 2024-05-11 19:53:21,952 basehttp 2339 6125154304"GET / HTTP/1.1" 200 149
INFO 2024-05-11 19:53:26,582 views 2339 6125154304Home page accessed
INFO 2024-05-11 19:53:26,583 basehttp 2339 6125154304"GET / HTTP/1.1" 200 149
INFO 2024-05-11 19:53:29,944 basehttp 2339 6125154304"GET /shop HTTP/1.1" 301 0
INFO 2024-05-11 19:53:29,950 basehttp 2339 6125154304"GET /shop/ HTTP/1.1" 200 108
INFO 2024-05-11 19:54:33,602 autoreload 2339 8597502656/Users/surnaya.m/Desktop/Geek/Django/project-django/DjangoHW/homeproject/myshopapp/views.py changed, reloading.
INFO 2024-05-11 19:54:33,876 autoreload 2362 8597502656Watching for file changes with StatReloader
INFO 2024-05-11 19:57:09,474 autoreload 2362 8597502656/Users/surnaya.m/Desktop/Geek/Django/project-django/DjangoHW/homeproject/myshopapp/models.py changed, reloading.
INFO 2024-05-11 19:57:09,785 autoreload 2435 8597502656Watching for file changes with StatReloader
INFO 2024-05-11 19:57:47,454 autoreload 2435 8597502656/Users/surnaya.m/Desktop/Geek/Django/project-django/DjangoHW/homeproject/myshopapp/models.py changed, reloading.
INFO 2024-05-11 19:57:47,753 autoreload 2445 8597502656Watching for file changes with StatReloader
INFO 2024-05-11 19:58:35,575 autoreload 2445 8597502656/Users/surnaya.m/Desktop/Geek/Django/project-django/DjangoHW/homeproject/myshopapp/models.py changed, reloading.
INFO 2024-05-11 19:58:35,871 autoreload 2461 8597502656Watching for file changes with StatReloader
INFO 2024-05-11 20:00:20,666 autoreload 2461 8597502656/Users/surnaya.m/Desktop/Geek/Django/project-django/DjangoHW/homeproject/myshopapp/models.py changed, reloading.
INFO 2024-05-11 20:00:20,975 autoreload 2537 8597502656Watching for file changes with StatReloader
INFO 2024-05-11 20:01:17,896 autoreload 2537 8597502656/Users/surnaya.m/Desktop/Geek/Django/project-django/DjangoHW/homeproject/myshopapp/models.py changed, reloading.
INFO 2024-05-11 20:01:18,198 autoreload 2571 8597502656Watching for file changes with StatReloader
INFO 2024-05-11 20:03:03,988 autoreload 2571 8597502656/Users/surnaya.m/Desktop/Geek/Django/project-django/DjangoHW/homeproject/myshopapp/models.py changed, reloading.
INFO 2024-05-11 20:03:04,311 autoreload 2686 8597502656Watching for file changes with StatReloader
INFO 2024-05-11 20:43:31,888 autoreload 3218 8597502656Watching for file changes with StatReloader
INFO 2024-05-11 20:43:33,791 views 3218 6192246784Home page accessed
INFO 2024-05-11 20:43:33,794 basehttp 3218 6192246784"GET / HTTP/1.1" 200 149
INFO 2024-05-11 20:43:44,083 views 3218 6192246784Home page accessed
INFO 2024-05-11 20:43:44,085 basehttp 3218 6192246784"GET / HTTP/1.1" 200 149
WARNING 2024-05-11 20:43:50,477 log 3218 6192246784Not Found: /myshop
WARNING 2024-05-11 20:43:50,477 basehttp 3218 6192246784"GET /myshop HTTP/1.1" 404 2532
INFO 2024-05-11 20:43:57,074 basehttp 3218 6192246784"GET /shop/ HTTP/1.1" 200 126
INFO 2024-05-11 20:43:57,611 basehttp 3218 6192246784"GET /shop/ HTTP/1.1" 200 126
INFO 2024-05-16 08:33:43,003 autoreload 1502 8688188096Watching for file changes with StatReloader
INFO 2024-05-16 08:33:44,964 views 1502 6162362368Home page accessed
INFO 2024-05-16 08:33:44,965 basehttp 1502 6162362368"GET / HTTP/1.1" 200 149
INFO 2024-05-16 08:34:02,167 views 1502 6162362368Home page accessed
INFO 2024-05-16 08:34:02,168 basehttp 1502 6162362368"GET / HTTP/1.1" 200 149
WARNING 2024-05-16 08:34:03,681 log 1502 6162362368Not Found: /coin/
WARNING 2024-05-16 08:34:03,681 basehttp 1502 6162362368"GET /coin/ HTTP/1.1" 404 2529
WARNING 2024-05-16 08:34:07,511 log 1502 6162362368Not Found: /client/1
WARNING 2024-05-16 08:34:07,512 basehttp 1502 6162362368"GET /client/1 HTTP/1.1" 404 2538
INFO 2024-05-16 08:34:28,818 basehttp 1502 6162362368"GET /shop/client/1 HTTP/1.1" 301 0
INFO 2024-05-16 08:34:28,835 basehttp 1502 6162362368"GET /shop/client/1/ HTTP/1.1" 200 50
INFO 2024-05-16 08:35:04,323 basehttp 1502 6162362368"GET /shop/client/1/ HTTP/1.1" 200 50
INFO 2024-05-16 08:35:07,218 basehttp 1502 6162362368"GET /shop/client/3 HTTP/1.1" 301 0
INFO 2024-05-16 08:35:07,232 basehttp 1502 6162362368"GET /shop/client/3/ HTTP/1.1" 200 40
INFO 2024-05-16 08:35:11,612 basehttp 1502 6162362368"GET /shop/client/3/ HTTP/1.1" 200 40
INFO 2024-05-16 08:35:13,258 basehttp 1502 6162362368"GET /shop/client/4 HTTP/1.1" 301 0
INFO 2024-05-16 08:35:13,275 basehttp 1502 6162362368"GET /shop/client/4/ HTTP/1.1" 200 600
INFO 2024-05-16 08:37:34,824 autoreload 1502 8688188096/Users/surnaya.m/Desktop/Geek/Django/project-django/DjangoHW/homeproject/myshopapp/views.py changed, reloading.
INFO 2024-05-16 08:37:35,117 autoreload 1552 8688188096Watching for file changes with StatReloader
INFO 2024-05-16 08:39:43,337 autoreload 1552 8688188096/Users/surnaya.m/Desktop/Geek/Django/project-django/DjangoHW/homeproject/myshopapp/views.py changed, reloading.
INFO 2024-05-16 08:39:43,645 autoreload 1569 8688188096Watching for file changes with StatReloader
INFO 2024-05-16 08:41:14,233 autoreload 1569 8688188096/Users/surnaya.m/Desktop/Geek/Django/project-django/DjangoHW/homeproject/myshopapp/views.py changed, reloading.
INFO 2024-05-16 08:41:14,504 autoreload 1587 8688188096Watching for file changes with StatReloader
INFO 2024-05-16 08:41:49,144 autoreload 1587 8688188096/Users/surnaya.m/Desktop/Geek/Django/project-django/DjangoHW/homeproject/myshopapp/urls.py changed, reloading.
INFO 2024-05-16 08:41:49,421 autoreload 1601 8688188096Watching for file changes with StatReloader
INFO 2024-05-16 08:41:49,953 basehttp 1601 6131265536"GET /shop/client/4/ HTTP/1.1" 200 600
INFO 2024-05-16 08:41:53,467 basehttp 1601 6131265536"GET /shop/client/4/ HTTP/1.1" 200 600
INFO 2024-05-16 08:41:55,104 basehttp 1601 6131265536"GET /shop/ HTTP/1.1" 200 126
INFO 2024-05-16 08:42:07,853 basehttp 1601 6131265536"GET /shop/change/1 HTTP/1.1" 301 0
INFO 2024-05-16 08:42:07,862 basehttp 1601 6131265536"GET /shop/change/1/ HTTP/1.1" 200 174
INFO 2024-05-16 08:42:20,734 basehttp 1601 6131265536"GET /shop/change/1/ HTTP/1.1" 200 174
INFO 2024-05-16 08:42:21,890 basehttp 1601 6131265536"GET /shop/change/2 HTTP/1.1" 301 0
INFO 2024-05-16 08:42:21,900 basehttp 1601 6131265536"GET /shop/change/2/ HTTP/1.1" 200 174
INFO 2024-05-16 08:42:25,996 basehttp 1601 6131265536"GET /shop/change/2/ HTTP/1.1" 200 174
INFO 2024-05-16 08:42:26,916 basehttp 1601 6131265536"GET /shop/change/3 HTTP/1.1" 301 0
INFO 2024-05-16 08:42:26,925 basehttp 1601 6131265536"GET /shop/change/3/ HTTP/1.1" 200 174
INFO 2024-05-16 08:42:31,363 basehttp 1601 6131265536"GET /shop/change/3/ HTTP/1.1" 200 174
INFO 2024-05-16 08:42:34,537 basehttp 1601 6131265536"GET /shop/change/4 HTTP/1.1" 301 0
INFO 2024-05-16 08:42:34,547 basehttp 1601 6131265536"GET /shop/change/4/ HTTP/1.1" 200 174
INFO 2024-05-16 08:42:38,873 basehttp 1601 6131265536"GET /shop/change/4/ HTTP/1.1" 200 174
INFO 2024-05-16 08:42:41,108 basehttp 1601 6131265536"GET /shop/change/4/ HTTP/1.1" 200 174
INFO 2024-05-16 08:42:42,506 basehttp 1601 6131265536"GET /shop/change/5 HTTP/1.1" 301 0
INFO 2024-05-16 08:42:42,516 basehttp 1601 6131265536"GET /shop/change/5/ HTTP/1.1" 200 174
INFO 2024-05-16 08:44:16,306 autoreload 1601 8688188096/Users/surnaya.m/Desktop/Geek/Django/project-django/DjangoHW/homeproject/myshopapp/views.py changed, reloading.
INFO 2024-05-16 08:44:16,596 autoreload 1616 8688188096Watching for file changes with StatReloader
INFO 2024-05-16 08:44:19,879 basehttp 1616 6136147968"GET /shop/change/5/ HTTP/1.1" 200 174
INFO 2024-05-16 08:44:20,932 basehttp 1616 6136147968"GET /shop/change/5/ HTTP/1.1" 200 174
INFO 2024-05-16 08:44:21,867 basehttp 1616 6136147968"GET /shop/change/5/ HTTP/1.1" 200 174
INFO 2024-05-16 08:44:23,567 basehttp 1616 6136147968"GET /shop/change/5/ HTTP/1.1" 200 174
INFO 2024-05-16 08:44:58,396 autoreload 1616 8688188096/Users/surnaya.m/Desktop/Geek/Django/project-django/DjangoHW/homeproject/myshopapp/views.py changed, reloading.
INFO 2024-05-16 08:44:58,679 autoreload 1625 8688188096Watching for file changes with StatReloader
INFO 2024-05-16 08:45:49,719 autoreload 1625 8688188096/Users/surnaya.m/Desktop/Geek/Django/project-django/DjangoHW/homeproject/myshopapp/views.py changed, reloading.
INFO 2024-05-16 08:45:50,008 autoreload 1635 8688188096Watching for file changes with StatReloader
INFO 2024-05-16 08:45:51,728 basehttp 1635 6137671680"GET /shop/change/5/ HTTP/1.1" 200 174
INFO 2024-05-16 08:45:53,585 basehttp 1635 6137671680"GET /shop/change/5/ HTTP/1.1" 200 174
INFO 2024-05-16 08:45:54,369 basehttp 1635 6137671680"GET /shop/change/5/ HTTP/1.1" 200 174
INFO 2024-05-16 08:45:54,654 basehttp 1635 6137671680"GET /shop/change/5/ HTTP/1.1" 200 174
INFO 2024-05-16 08:45:54,901 basehttp 1635 6137671680"GET /shop/change/5/ HTTP/1.1" 200 174
INFO 2024-05-16 08:45:55,172 basehttp 1635 6137671680"GET /shop/change/5/ HTTP/1.1" 200 174
INFO 2024-05-16 08:45:55,455 basehttp 1635 6137671680"GET /shop/change/5/ HTTP/1.1" 200 174
INFO 2024-05-16 08:46:18,803 basehttp 1635 6137671680"GET /shop/change/5/ HTTP/1.1" 200 174
INFO 2024-05-16 08:46:24,297 basehttp 1635 6137671680"GET /shop/change/3/ HTTP/1.1" 200 174
INFO 2024-05-16 08:49:01,961 autoreload 1635 8688188096/Users/surnaya.m/Desktop/Geek/Django/project-django/DjangoHW/homeproject/myshopapp/urls.py changed, reloading.
INFO 2024-05-16 08:49:02,268 autoreload 1658 8688188096Watching for file changes with StatReloader
INFO 2024-05-16 08:49:03,779 basehttp 1658 6196588544"GET /shop/change/3/ HTTP/1.1" 200 86
INFO 2024-05-16 08:49:57,251 autoreload 1658 8688188096/Users/surnaya.m/Desktop/Geek/Django/project-django/DjangoHW/homeproject/myshopapp/views.py changed, reloading.
INFO 2024-05-16 08:49:57,521 autoreload 1674 8688188096Watching for file changes with StatReloader
INFO 2024-05-16 08:50:02,703 autoreload 1674 8688188096/Users/surnaya.m/Desktop/Geek/Django/project-django/DjangoHW/homeproject/myshopapp/views.py changed, reloading.
INFO 2024-05-16 08:50:02,921 autoreload 1679 8688188096Watching for file changes with StatReloader
INFO 2024-05-16 08:50:04,189 basehttp 1679 6171521024"GET /shop/change/3/ HTTP/1.1" 200 174
INFO 2024-05-16 08:50:21,379 autoreload 1679 8688188096/Users/surnaya.m/Desktop/Geek/Django/project-django/DjangoHW/homeproject/myshopapp/views.py changed, reloading.
INFO 2024-05-16 08:50:21,668 autoreload 1695 8688188096Watching for file changes with StatReloader
INFO 2024-05-16 08:50:46,014 basehttp 1695 6129627136"GET /shop/change/3/ HTTP/1.1" 200 86
INFO 2024-05-16 08:52:24,992 autoreload 1695 8688188096/Users/surnaya.m/Desktop/Geek/Django/project-django/DjangoHW/homeproject/myshopapp/views.py changed, reloading.
INFO 2024-05-16 08:52:25,279 autoreload 1711 8688188096Watching for file changes with StatReloader
INFO 2024-05-16 08:52:26,664 basehttp 1711 6162477056"GET /shop/change/3/ HTTP/1.1" 200 61
INFO 2024-05-16 08:59:05,825 autoreload 1755 8688188096Watching for file changes with StatReloader
INFO 2024-05-16 08:59:07,824 views 1755 6170144768Home page accessed
INFO 2024-05-16 08:59:07,824 basehttp 1755 6170144768"GET / HTTP/1.1" 200 149
INFO 2024-05-16 08:59:10,834 views 1755 6170144768Home page accessed
INFO 2024-05-16 08:59:10,834 basehttp 1755 6170144768"GET / HTTP/1.1" 200 149
INFO 2024-05-16 08:59:11,912 basehttp 1755 6170144768"GET /shop/ HTTP/1.1" 200 126
INFO 2024-05-16 08:59:17,654 basehttp 1755 6170144768"GET /shop/change/5/ HTTP/1.1" 200 61
INFO 2024-05-16 08:59:18,054 basehttp 1755 6170144768"GET /shop/client/4/ HTTP/1.1" 200 600
WARNING 2024-05-16 09:01:32,094 log 1755 6170144768Forbidden (CSRF cookie not set.): /shop/change/3/
WARNING 2024-05-16 09:01:32,094 basehttp 1755 6170144768"POST /shop/change/3/ HTTP/1.1" 403 2870
WARNING 2024-05-16 09:02:13,649 log 1755 6170144768Forbidden (CSRF cookie not set.): /shop/change/3/
WARNING 2024-05-16 09:02:13,650 basehttp 1755 6170144768"POST /shop/change/3/ HTTP/1.1" 403 2870
INFO 2024-05-16 09:02:26,482 basehttp 1755 6170144768"GET /shop/client/4/ HTTP/1.1" 200 600
INFO 2024-05-16 09:02:28,043 basehttp 1755 6170144768"GET /shop/client/5 HTTP/1.1" 301 0
INFO 2024-05-16 09:02:28,057 basehttp 1755 6170144768"GET /shop/client/5/ HTTP/1.1" 200 602
INFO 2024-05-16 09:02:48,664 basehttp 1755 6170144768"GET /shop/client/4/ HTTP/1.1" 200 600
INFO 2024-05-16 09:02:49,807 basehttp 1755 6170144768"GET /shop/client/3/ HTTP/1.1" 200 40
ERROR 2024-05-16 09:03:15,478 log 1755 6186971136Internal Server Error: /shop/change/4
Traceback (most recent call last):
  File "/Users/surnaya.m/Desktop/Geek/Django/project-django/DjangoHW/.venv/lib/python3.9/site-packages/django/core/handlers/exception.py", line 55, in inner
    response = get_response(request)
  File "/Users/surnaya.m/Desktop/Geek/Django/project-django/DjangoHW/.venv/lib/python3.9/site-packages/django/utils/deprecation.py", line 136, in __call__
    response = self.process_response(request, response)
  File "/Users/surnaya.m/Desktop/Geek/Django/project-django/DjangoHW/.venv/lib/python3.9/site-packages/django/middleware/common.py", line 108, in process_response
    return self.response_redirect_class(self.get_full_path_with_slash(request))
  File "/Users/surnaya.m/Desktop/Geek/Django/project-django/DjangoHW/.venv/lib/python3.9/site-packages/django/middleware/common.py", line 87, in get_full_path_with_slash
    raise RuntimeError(
RuntimeError: You called this URL via POST, but the URL doesn't end in a slash and you have APPEND_SLASH set. Django can't redirect to the slash URL while maintaining POST data. Change your form to point to 127.0.0.1:8000/shop/change/4/ (note the trailing slash), or set APPEND_SLASH=False in your Django settings.
ERROR 2024-05-16 09:03:15,480 basehttp 1755 6186971136"POST /shop/change/4 HTTP/1.1" 500 66103
INFO 2024-05-16 09:03:32,296 basehttp 1755 6170144768"GET /shop/client/4/ HTTP/1.1" 200 600
INFO 2024-05-16 09:03:36,776 basehttp 1755 6170144768"GET /shop/client/4/ HTTP/1.1" 200 600
INFO 2024-05-16 09:03:40,109 basehttp 1755 6170144768"GET /shop/client/5/ HTTP/1.1" 200 602
ERROR 2024-05-16 09:03:55,155 log 1755 6186971136Internal Server Error: /shop/change/5
Traceback (most recent call last):
  File "/Users/surnaya.m/Desktop/Geek/Django/project-django/DjangoHW/.venv/lib/python3.9/site-packages/django/core/handlers/exception.py", line 55, in inner
    response = get_response(request)
  File "/Users/surnaya.m/Desktop/Geek/Django/project-django/DjangoHW/.venv/lib/python3.9/site-packages/django/utils/deprecation.py", line 136, in __call__
    response = self.process_response(request, response)
  File "/Users/surnaya.m/Desktop/Geek/Django/project-django/DjangoHW/.venv/lib/python3.9/site-packages/django/middleware/common.py", line 108, in process_response
    return self.response_redirect_class(self.get_full_path_with_slash(request))
  File "/Users/surnaya.m/Desktop/Geek/Django/project-django/DjangoHW/.venv/lib/python3.9/site-packages/django/middleware/common.py", line 87, in get_full_path_with_slash
    raise RuntimeError(
RuntimeError: You called this URL via POST, but the URL doesn't end in a slash and you have APPEND_SLASH set. Django can't redirect to the slash URL while maintaining POST data. Change your form to point to 127.0.0.1:8000/shop/change/5/ (note the trailing slash), or set APPEND_SLASH=False in your Django settings.
ERROR 2024-05-16 09:03:55,156 basehttp 1755 6186971136"POST /shop/change/5 HTTP/1.1" 500 66103
INFO 2024-05-16 09:04:01,203 basehttp 1755 6170144768"GET /shop/client/5/ HTTP/1.1" 200 602
INFO 2024-05-16 09:04:05,001 basehttp 1755 6170144768"GET /shop/client/5/ HTTP/1.1" 200 602
INFO 2024-05-16 09:04:06,135 basehttp 1755 6170144768"GET /shop/client/5/ HTTP/1.1" 200 602
INFO 2024-05-16 10:08:43,138 basehttp 1755 6170144768"GET /shop/client/5/ HTTP/1.1" 200 602
INFO 2024-05-16 10:08:48,867 basehttp 1755 6170144768"GET /shop/change/3/ HTTP/1.1" 200 61
INFO 2024-05-16 10:08:55,184 basehttp 1755 6170144768"GET /shop/change/5/ HTTP/1.1" 200 61
INFO 2024-05-16 10:08:59,859 basehttp 1755 6170144768"GET /shop/client/5/ HTTP/1.1" 200 602
INFO 2024-05-16 10:15:45,299 autoreload 1982 8688188096Watching for file changes with StatReloader
INFO 2024-05-16 10:15:55,001 views 1982 6196178944Home page accessed
INFO 2024-05-16 10:15:55,001 basehttp 1982 6196178944"GET / HTTP/1.1" 200 149
INFO 2024-05-16 10:15:58,412 views 1982 6196178944Home page accessed
INFO 2024-05-16 10:15:58,413 basehttp 1982 6196178944"GET / HTTP/1.1" 200 149
INFO 2024-05-16 10:16:08,922 basehttp 1982 6196178944"GET /shop/client/1/ HTTP/1.1" 200 50
INFO 2024-05-16 10:16:10,326 basehttp 1982 6196178944"GET /shop/change/4/ HTTP/1.1" 200 61
INFO 2024-05-16 10:16:10,923 basehttp 1982 6196178944"GET /shop/ HTTP/1.1" 200 126
INFO 2024-05-16 10:16:14,613 basehttp 1982 6196178944"GET /shop/change/4/ HTTP/1.1" 200 61
INFO 2024-05-16 10:16:16,109 basehttp 1982 6196178944"GET /shop/client/1/ HTTP/1.1" 200 50
INFO 2024-05-16 10:16:21,326 basehttp 1982 6196178944"GET /shop/client/1/ HTTP/1.1" 200 50
INFO 2024-05-16 10:16:22,294 basehttp 1982 6196178944"GET /shop/client/5/ HTTP/1.1" 200 602
INFO 2024-05-16 10:17:29,603 basehttp 1982 6196178944"GET /shop/client/5/ HTTP/1.1" 200 602
INFO 2024-05-16 10:17:30,771 basehttp 1982 6196178944"GET /shop/client/5/ HTTP/1.1" 200 602
INFO 2024-05-16 10:17:31,986 basehttp 1982 6196178944"GET /shop/client/5/ HTTP/1.1" 200 602
INFO 2024-05-16 10:17:35,169 basehttp 1982 6196178944"GET /shop/client/5/ HTTP/1.1" 200 602
INFO 2024-05-16 10:17:36,887 basehttp 1982 6196178944"GET /shop/client/5/ HTTP/1.1" 200 602
INFO 2024-05-16 10:20:07,893 autoreload 1982 8688188096/Users/surnaya.m/Desktop/Geek/Django/project-django/DjangoHW/homeproject/myshopapp/views.py changed, reloading.
INFO 2024-05-16 10:20:08,226 autoreload 2040 8688188096Watching for file changes with StatReloader
INFO 2024-05-16 10:20:10,651 basehttp 2040 6198177792"GET /shop/client/5/ HTTP/1.1" 200 602
INFO 2024-05-16 10:20:14,865 basehttp 2040 6198177792"GET /shop/client/1/ HTTP/1.1" 200 50
ERROR 2024-05-16 10:20:29,281 log 2040 6198177792Internal Server Error: /shop/change/5/Tom
Traceback (most recent call last):
  File "/Users/surnaya.m/Desktop/Geek/Django/project-django/DjangoHW/.venv/lib/python3.9/site-packages/django/db/backends/utils.py", line 89, in _execute
    return self.cursor.execute(sql, params)
  File "/Users/surnaya.m/Desktop/Geek/Django/project-django/DjangoHW/.venv/lib/python3.9/site-packages/django/db/backends/sqlite3/base.py", line 328, in execute
    return super().execute(query, params)
sqlite3.IntegrityError: NOT NULL constraint failed: myshopapp_client.name

The above exception was the direct cause of the following exception:

Traceback (most recent call last):
  File "/Users/surnaya.m/Desktop/Geek/Django/project-django/DjangoHW/.venv/lib/python3.9/site-packages/django/core/handlers/exception.py", line 55, in inner
    response = get_response(request)
  File "/Users/surnaya.m/Desktop/Geek/Django/project-django/DjangoHW/.venv/lib/python3.9/site-packages/django/core/handlers/base.py", line 197, in _get_response
    response = wrapped_callback(request, *callback_args, **callback_kwargs)
  File "/Users/surnaya.m/Desktop/Geek/Django/project-django/DjangoHW/homeproject/myshopapp/views.py", line 41, in change_client_name
    client.save()
  File "/Users/surnaya.m/Desktop/Geek/Django/project-django/DjangoHW/.venv/lib/python3.9/site-packages/django/db/models/base.py", line 814, in save
    self.save_base(
  File "/Users/surnaya.m/Desktop/Geek/Django/project-django/DjangoHW/.venv/lib/python3.9/site-packages/django/db/models/base.py", line 877, in save_base
    updated = self._save_table(
  File "/Users/surnaya.m/Desktop/Geek/Django/project-django/DjangoHW/.venv/lib/python3.9/site-packages/django/db/models/base.py", line 990, in _save_table
    updated = self._do_update(
  File "/Users/surnaya.m/Desktop/Geek/Django/project-django/DjangoHW/.venv/lib/python3.9/site-packages/django/db/models/base.py", line 1054, in _do_update
    return filtered._update(values) > 0
  File "/Users/surnaya.m/Desktop/Geek/Django/project-django/DjangoHW/.venv/lib/python3.9/site-packages/django/db/models/query.py", line 1231, in _update
    return query.get_compiler(self.db).execute_sql(CURSOR)
  File "/Users/surnaya.m/Desktop/Geek/Django/project-django/DjangoHW/.venv/lib/python3.9/site-packages/django/db/models/sql/compiler.py", line 1984, in execute_sql
    cursor = super().execute_sql(result_type)
  File "/Users/surnaya.m/Desktop/Geek/Django/project-django/DjangoHW/.venv/lib/python3.9/site-packages/django/db/models/sql/compiler.py", line 1562, in execute_sql
    cursor.execute(sql, params)
  File "/Users/surnaya.m/Desktop/Geek/Django/project-django/DjangoHW/.venv/lib/python3.9/site-packages/django/db/backends/utils.py", line 102, in execute
    return super().execute(sql, params)
  File "/Users/surnaya.m/Desktop/Geek/Django/project-django/DjangoHW/.venv/lib/python3.9/site-packages/django/db/backends/utils.py", line 67, in execute
    return self._execute_with_wrappers(
  File "/Users/surnaya.m/Desktop/Geek/Django/project-django/DjangoHW/.venv/lib/python3.9/site-packages/django/db/backends/utils.py", line 80, in _execute_with_wrappers
    return executor(sql, params, many, context)
  File "/Users/surnaya.m/Desktop/Geek/Django/project-django/DjangoHW/.venv/lib/python3.9/site-packages/django/db/backends/utils.py", line 89, in _execute
    return self.cursor.execute(sql, params)
  File "/Users/surnaya.m/Desktop/Geek/Django/project-django/DjangoHW/.venv/lib/python3.9/site-packages/django/db/utils.py", line 91, in __exit__
    raise dj_exc_value.with_traceback(traceback) from exc_value
  File "/Users/surnaya.m/Desktop/Geek/Django/project-django/DjangoHW/.venv/lib/python3.9/site-packages/django/db/backends/utils.py", line 89, in _execute
    return self.cursor.execute(sql, params)
  File "/Users/surnaya.m/Desktop/Geek/Django/project-django/DjangoHW/.venv/lib/python3.9/site-packages/django/db/backends/sqlite3/base.py", line 328, in execute
    return super().execute(query, params)
django.db.utils.IntegrityError: NOT NULL constraint failed: myshopapp_client.name
ERROR 2024-05-16 10:20:29,289 basehttp 2040 6198177792"GET /shop/change/5/Tom HTTP/1.1" 500 147780
INFO 2024-05-16 10:21:27,823 autoreload 2040 8688188096/Users/surnaya.m/Desktop/Geek/Django/project-django/DjangoHW/homeproject/myshopapp/urls.py changed, reloading.
INFO 2024-05-16 10:21:28,125 autoreload 2059 8688188096Watching for file changes with StatReloader
INFO 2024-05-16 10:25:15,956 autoreload 2059 8688188096/Users/surnaya.m/Desktop/Geek/Django/project-django/DjangoHW/homeproject/myshopapp/views.py changed, reloading.
INFO 2024-05-16 10:25:16,277 autoreload 2102 8688188096Watching for file changes with StatReloader
INFO 2024-05-16 10:25:17,499 basehttp 2102 6189051904"GET /shop/client/5/ HTTP/1.1" 200 602
INFO 2024-05-16 10:25:27,987 basehttp 2102 6189051904"GET /shop/delete/4 HTTP/1.1" 301 0
INFO 2024-05-16 10:25:27,996 basehttp 2102 6189051904"GET /shop/delete/4/ HTTP/1.1" 200 161
INFO 2024-05-16 10:26:02,223 autoreload 2102 8688188096/Users/surnaya.m/Desktop/Geek/Django/project-django/DjangoHW/homeproject/myshopapp/views.py changed, reloading.
INFO 2024-05-16 10:26:02,527 autoreload 2121 8688188096Watching for file changes with StatReloader
WARNING 2024-05-16 10:26:03,237 log 2121 6138228736Not Found: /shop/delete/4/
WARNING 2024-05-16 10:26:03,238 basehttp 2121 6138228736"GET /shop/delete/4/ HTTP/1.1" 404 3386
WARNING 2024-05-16 10:26:10,794 log 2121 6138228736Not Found: /shop/delete/4/
WARNING 2024-05-16 10:26:10,795 basehttp 2121 6138228736"GET /shop/delete/4/ HTTP/1.1" 404 3386
INFO 2024-05-16 10:26:12,209 basehttp 2121 6138228736"GET /shop/delete/5 HTTP/1.1" 301 0
INFO 2024-05-16 10:26:12,232 basehttp 2121 6138228736"GET /shop/delete/5/ HTTP/1.1" 200 51
WARNING 2024-05-16 10:26:19,204 log 2121 6138228736Not Found: /shop/delete/5/
WARNING 2024-05-16 10:26:19,206 basehttp 2121 6138228736"GET /shop/delete/5/ HTTP/1.1" 404 3386
INFO 2024-05-16 10:26:21,214 basehttp 2121 6138228736"GET /shop/ HTTP/1.1" 200 126
INFO 2024-05-16 10:26:24,700 basehttp 2121 6138228736"GET /shop/client/1/ HTTP/1.1" 200 50
INFO 2024-05-16 10:26:36,409 basehttp 2121 6138228736"GET /shop/client/1/ HTTP/1.1" 200 50
INFO 2024-05-16 10:29:13,634 autoreload 2121 8688188096/Users/surnaya.m/Desktop/Geek/Django/project-django/DjangoHW/homeproject/myshopapp/views.py changed, reloading.
INFO 2024-05-16 10:29:13,964 autoreload 2146 8688188096Watching for file changes with StatReloader
INFO 2024-05-16 15:01:27,400 autoreload 2121 8672950976Watching for file changes with StatReloader
INFO 2024-05-16 15:01:28,948 views 2121 6192508928Home page accessed
INFO 2024-05-16 15:01:28,949 basehttp 2121 6192508928"GET / HTTP/1.1" 200 149
INFO 2024-05-16 15:01:33,264 views 2121 6192508928Home page accessed
INFO 2024-05-16 15:01:33,266 basehttp 2121 6192508928"GET / HTTP/1.1" 200 149
INFO 2024-05-16 15:01:39,668 views 2121 6192508928Home page accessed
INFO 2024-05-16 15:01:39,669 basehttp 2121 6192508928"GET / HTTP/1.1" 200 149
INFO 2024-05-16 15:01:40,860 basehttp 2121 6192508928"GET /shop/ HTTP/1.1" 200 126
INFO 2024-05-16 15:01:44,892 basehttp 2121 6192508928"GET /shop/ HTTP/1.1" 200 126
WARNING 2024-05-16 15:01:45,428 log 2121 6192508928Not Found: /shop/client/1/
WARNING 2024-05-16 15:01:45,428 basehttp 2121 6192508928"GET /shop/client/1/ HTTP/1.1" 404 2989
WARNING 2024-05-16 15:01:57,729 log 2121 6192508928Not Found: /shop/client/5/
WARNING 2024-05-16 15:01:57,730 basehttp 2121 6192508928"GET /shop/client/5/ HTTP/1.1" 404 2989
WARNING 2024-05-16 15:01:58,589 log 2121 6192508928Not Found: /shop/client/4/
WARNING 2024-05-16 15:01:58,590 basehttp 2121 6192508928"GET /shop/client/4/ HTTP/1.1" 404 2989
WARNING 2024-05-16 15:02:04,917 log 2121 6192508928Not Found: /shop/client/5/
WARNING 2024-05-16 15:02:04,918 basehttp 2121 6192508928"GET /shop/client/5/ HTTP/1.1" 404 2989
INFO 2024-05-16 15:02:06,341 basehttp 2121 6192508928"GET /shop/client/7 HTTP/1.1" 301 0
ERROR 2024-05-16 15:02:06,397 log 2121 6192508928Internal Server Error: /shop/client/7/
Traceback (most recent call last):
  File "/Users/surnaya.m/Desktop/Geek/Django/project-django/DjangoHW/.venv/lib/python3.9/site-packages/django/core/handlers/exception.py", line 55, in inner
    response = get_response(request)
  File "/Users/surnaya.m/Desktop/Geek/Django/project-django/DjangoHW/.venv/lib/python3.9/site-packages/django/core/handlers/base.py", line 197, in _get_response
    response = wrapped_callback(request, *callback_args, **callback_kwargs)
  File "/Users/surnaya.m/Desktop/Geek/Django/project-django/DjangoHW/homeproject/myshopapp/views.py", line 36, in client_orders_view
    return render(request, 'client_orders.html', {'client': client, 'orders': orders})
  File "/Users/surnaya.m/Desktop/Geek/Django/project-django/DjangoHW/.venv/lib/python3.9/site-packages/django/shortcuts.py", line 24, in render
    content = loader.render_to_string(template_name, context, request, using=using)
  File "/Users/surnaya.m/Desktop/Geek/Django/project-django/DjangoHW/.venv/lib/python3.9/site-packages/django/template/loader.py", line 61, in render_to_string
    template = get_template(template_name, using=using)
  File "/Users/surnaya.m/Desktop/Geek/Django/project-django/DjangoHW/.venv/lib/python3.9/site-packages/django/template/loader.py", line 19, in get_template
    raise TemplateDoesNotExist(template_name, chain=chain)
django.template.exceptions.TemplateDoesNotExist: client_orders.html
ERROR 2024-05-16 15:02:06,400 basehttp 2121 6192508928"GET /shop/client/7/ HTTP/1.1" 500 79265
INFO 2024-05-16 16:27:20,491 autoreload 2121 8672950976/Users/surnaya.m/Desktop/Geek/Django/project-django/DjangoHW/homeproject/myshopapp/views.py changed, reloading.
INFO 2024-05-16 16:27:20,828 autoreload 2305 8672950976Watching for file changes with StatReloader
INFO 2024-05-16 16:27:22,733 basehttp 2305 6159446016"GET /shop/client/7/ HTTP/1.1" 200 2360
INFO 2024-05-16 16:35:55,825 views 2305 6159446016Home page accessed
INFO 2024-05-16 16:35:55,827 basehttp 2305 6159446016"GET / HTTP/1.1" 200 149
WARNING 2024-05-16 16:36:01,182 log 2305 6159446016Not Found: /clients/
WARNING 2024-05-16 16:36:01,182 basehttp 2305 6159446016"GET /clients/ HTTP/1.1" 404 2538
INFO 2024-05-16 16:49:08,878 autoreload 2665 8672950976Watching for file changes with StatReloader
INFO 2024-05-16 16:49:10,325 views 2665 6195245056Home page accessed
INFO 2024-05-16 16:49:10,328 basehttp 2665 6195245056"GET / HTTP/1.1" 200 149
INFO 2024-05-16 16:49:18,829 basehttp 2665 6195245056"GET /shop/client/7/ HTTP/1.1" 200 2360
INFO 2024-05-16 16:49:26,612 basehttp 2665 6195245056"GET /shop/client/7/ HTTP/1.1" 200 2360
INFO 2024-05-16 16:49:29,268 basehttp 2665 6195245056"GET /shop/client/15 HTTP/1.1" 301 0
INFO 2024-05-16 16:49:29,289 basehttp 2665 6195245056"GET /shop/client/15/ HTTP/1.1" 200 2358
INFO 2024-05-16 16:49:37,708 basehttp 2665 6195245056"GET /shop/client/15/ HTTP/1.1" 200 2358
INFO 2024-05-16 16:49:39,860 basehttp 2665 6195245056"GET /shop/client/19 HTTP/1.1" 301 0
INFO 2024-05-16 16:49:39,875 basehttp 2665 6195245056"GET /shop/client/19/ HTTP/1.1" 200 750
INFO 2024-05-16 16:49:46,190 basehttp 2665 6195245056"GET /shop/client/19/ HTTP/1.1" 200 750
INFO 2024-05-16 16:49:49,515 basehttp 2665 6195245056"GET /shop/client/21 HTTP/1.1" 301 0
INFO 2024-05-16 16:49:49,530 basehttp 2665 6195245056"GET /shop/client/21/ HTTP/1.1" 200 1381
INFO 2024-05-16 17:01:18,500 autoreload 3050 8672950976Watching for file changes with StatReloader
INFO 2024-05-16 17:01:19,802 views 3050 6122434560Home page accessed
INFO 2024-05-16 17:01:19,802 basehttp 3050 6122434560"GET / HTTP/1.1" 200 149
INFO 2024-05-16 17:01:21,554 views 3050 6122434560Home page accessed
INFO 2024-05-16 17:01:21,556 basehttp 3050 6122434560"GET / HTTP/1.1" 200 149
INFO 2024-05-16 17:01:24,305 basehttp 3050 6122434560"GET /shop/client/21/ HTTP/1.1" 200 1381
INFO 2024-05-16 17:01:26,548 basehttp 3050 6122434560"GET /shop/client/21/ HTTP/1.1" 200 1381
INFO 2024-05-16 17:01:33,692 views 3050 6122434560Home page accessed
INFO 2024-05-16 17:01:33,692 basehttp 3050 6122434560"GET / HTTP/1.1" 200 149
WARNING 2024-05-16 17:01:35,590 log 3050 6122434560Not Found: /coin/
WARNING 2024-05-16 17:01:35,590 basehttp 3050 6122434560"GET /coin/ HTTP/1.1" 404 2529
INFO 2024-05-16 17:01:43,098 views 3050 6122434560Home page accessed
INFO 2024-05-16 17:01:43,098 basehttp 3050 6122434560"GET / HTTP/1.1" 200 149
INFO 2024-05-16 17:01:44,131 basehttp 3050 6122434560"GET /shop/ HTTP/1.1" 200 126
INFO 2024-05-16 17:01:49,253 basehttp 3050 6122434560"GET /shop/client/21/ HTTP/1.1" 200 1381
INFO 2024-05-16 17:03:24,458 basehttp 3050 6122434560"GET /shop/client/21/ HTTP/1.1" 200 1381
INFO 2024-05-16 17:03:26,725 basehttp 3050 6122434560"GET /shop/client/19/ HTTP/1.1" 200 750
INFO 2024-05-16 17:03:35,711 basehttp 3050 6122434560"GET /shop/client/19/ HTTP/1.1" 200 750
INFO 2024-05-16 17:03:36,779 basehttp 3050 6122434560"GET /shop/client/21/ HTTP/1.1" 200 1381
INFO 2024-05-16 17:03:45,860 basehttp 3050 6122434560"GET /shop/client/21/ HTTP/1.1" 200 1381
INFO 2024-05-16 17:03:46,504 basehttp 3050 6122434560"GET /shop/client/2 HTTP/1.1" 301 0
WARNING 2024-05-16 17:03:46,526 log 3050 6122434560Not Found: /shop/client/2/
WARNING 2024-05-16 17:03:46,527 basehttp 3050 6122434560"GET /shop/client/2/ HTTP/1.1" 404 2989
INFO 2024-05-16 17:05:16,249 basehttp 3050 6122434560"GET /shop/client/19/ HTTP/1.1" 200 750
INFO 2024-05-16 17:05:16,495 basehttp 3050 6122434560"GET /shop/client/3/ HTTP/1.1" 200 750
INFO 2024-05-16 17:07:01,329 autoreload 3127 8672950976Watching for file changes with StatReloader
INFO 2024-05-16 17:07:02,633 views 3127 6133542912Home page accessed
INFO 2024-05-16 17:07:02,634 basehttp 3127 6133542912"GET / HTTP/1.1" 200 149
INFO 2024-05-16 17:07:15,631 views 3127 6133542912Home page accessed
INFO 2024-05-16 17:07:15,633 basehttp 3127 6133542912"GET / HTTP/1.1" 200 149
INFO 2024-05-16 17:07:16,092 basehttp 3127 6133542912"GET /shop/ HTTP/1.1" 200 126
INFO 2024-05-16 17:07:20,947 basehttp 3127 6133542912"GET /shop/client/19/ HTTP/1.1" 200 750
INFO 2024-05-16 17:07:25,980 basehttp 3127 6133542912"GET /shop/client/19/ HTTP/1.1" 200 750
INFO 2024-05-16 17:07:27,315 basehttp 3127 6133542912"GET /shop/client/21/ HTTP/1.1" 200 1381
INFO 2024-05-16 17:07:30,030 basehttp 3127 6133542912"GET /shop/client/27 HTTP/1.1" 301 0
INFO 2024-05-16 17:07:30,042 basehttp 3127 6133542912"GET /shop/client/27/ HTTP/1.1" 200 1382
INFO 2024-05-16 17:07:38,836 basehttp 3127 6133542912"GET /shop/client/27/ HTTP/1.1" 200 1382
INFO 2024-05-16 17:07:40,065 basehttp 3127 6133542912"GET /shop/client/28 HTTP/1.1" 301 0
INFO 2024-05-16 17:07:40,081 basehttp 3127 6133542912"GET /shop/client/28/ HTTP/1.1" 200 1381
INFO 2024-05-16 17:09:10,234 basehttp 3127 6133542912"GET /shop/client/28/ HTTP/1.1" 200 1381
INFO 2024-05-16 17:09:10,646 basehttp 3127 6133542912"GET /shop/client/19/ HTTP/1.1" 200 750
INFO 2024-05-16 17:09:12,730 basehttp 3127 6133542912"GET /shop/client/18 HTTP/1.1" 301 0
INFO 2024-05-16 17:09:12,751 basehttp 3127 6133542912"GET /shop/client/18/ HTTP/1.1" 200 2361
INFO 2024-05-20 04:34:15,244 autoreload 1176 8399092416Watching for file changes with StatReloader
INFO 2024-05-20 04:34:21,034 views 1176 6175895552Home page accessed
INFO 2024-05-20 04:34:21,034 basehttp 1176 6175895552"GET / HTTP/1.1" 200 149
WARNING 2024-05-20 04:34:21,245 log 1176 6175895552Not Found: /favicon.ico
WARNING 2024-05-20 04:34:21,245 basehttp 1176 6175895552"GET /favicon.ico HTTP/1.1" 404 2547
WARNING 2024-05-20 04:34:21,605 log 1176 6192721920Not Found: /apple-touch-icon-precomposed.png
WARNING 2024-05-20 04:34:21,605 basehttp 1176 6192721920"GET /apple-touch-icon-precomposed.png HTTP/1.1" 404 2610
WARNING 2024-05-20 04:34:21,610 log 1176 6192721920Not Found: /apple-touch-icon.png
WARNING 2024-05-20 04:34:21,610 basehttp 1176 6192721920"GET /apple-touch-icon.png HTTP/1.1" 404 2574
INFO 2024-05-20 04:34:24,458 views 1176 6175895552Home page accessed
INFO 2024-05-20 04:34:24,459 basehttp 1176 6175895552"GET / HTTP/1.1" 200 149
INFO 2024-05-20 04:34:25,009 basehttp 1176 6175895552"GET /shop/ HTTP/1.1" 200 126
WARNING 2024-05-20 04:34:28,344 log 1176 6175895552Not Found: /shop/client/1/
WARNING 2024-05-20 04:34:28,344 basehttp 1176 6175895552"GET /shop/client/1/ HTTP/1.1" 404 2989
INFO 2024-05-20 04:34:38,775 basehttp 1176 6175895552"GET /shop/client/19/ HTTP/1.1" 200 750
WARNING 2024-05-20 04:34:40,757 log 1176 6175895552Not Found: /shop/client/4/
WARNING 2024-05-20 04:34:40,758 basehttp 1176 6175895552"GET /shop/client/4/ HTTP/1.1" 404 2989
INFO 2024-05-20 04:34:48,484 basehttp 1176 6175895552"GET /shop/client/19/ HTTP/1.1" 200 750
INFO 2024-05-20 04:34:51,931 basehttp 1176 6175895552"GET /shop/client/7/ HTTP/1.1" 200 2360
INFO 2024-05-20 04:40:09,892 autoreload 1176 8399092416/Users/surnaya.m/Desktop/Geek/Django/project-django/DjangoHW/homeproject/myshopapp/views.py changed, reloading.
INFO 2024-05-20 04:40:10,189 autoreload 1397 8399092416Watching for file changes with StatReloader
INFO 2024-05-20 04:40:10,962 basehttp 1397 6202535936"GET /shop/client/7/ HTTP/1.1" 200 2360
INFO 2024-05-20 04:40:12,372 basehttp 1397 6202535936"GET /shop/client/7/ HTTP/1.1" 200 2360
INFO 2024-05-20 04:40:15,159 basehttp 1397 6202535936"GET /shop/client/19/ HTTP/1.1" 200 750
INFO 2024-05-20 04:40:17,999 basehttp 1397 6202535936"GET /shop/client/1 HTTP/1.1" 301 0
INFO 2024-05-20 04:40:18,018 basehttp 1397 6202535936"GET /shop/client/1/ HTTP/1.1" 200 740
INFO 2024-05-20 04:40:25,493 basehttp 1397 6202535936"GET /shop/client/1/ HTTP/1.1" 200 740
INFO 2024-05-20 04:40:26,269 basehttp 1397 6202535936"GET /shop/client/28/ HTTP/1.1" 200 1381
INFO 2024-05-20 04:40:30,707 basehttp 1397 6202535936"GET /shop/client/28/ HTTP/1.1" 200 1381
INFO 2024-05-20 04:40:31,306 basehttp 1397 6202535936"GET /shop/client/2/ HTTP/1.1" 200 740
INFO 2024-05-20 04:40:34,940 basehttp 1397 6202535936"GET /shop/client/1/ HTTP/1.1" 200 740
INFO 2024-05-20 04:40:36,433 basehttp 1397 6202535936"GET /shop/client/3/ HTTP/1.1" 200 750
INFO 2024-05-20 04:40:45,118 basehttp 1397 6202535936"GET /shop/client/1/ HTTP/1.1" 200 740
INFO 2024-05-20 04:40:46,482 basehttp 1397 6202535936"GET /shop/client/4/ HTTP/1.1" 200 740
INFO 2024-05-20 04:40:50,280 basehttp 1397 6202535936"GET /shop/client/1/ HTTP/1.1" 200 740
INFO 2024-05-20 04:40:51,031 basehttp 1397 6202535936"GET /shop/client/5/ HTTP/1.1" 200 740
INFO 2024-05-20 04:40:54,518 basehttp 1397 6202535936"GET /shop/client/1/ HTTP/1.1" 200 740
INFO 2024-05-20 04:40:55,807 basehttp 1397 6202535936"GET /shop/client/6 HTTP/1.1" 301 0
INFO 2024-05-20 04:40:55,830 basehttp 1397 6202535936"GET /shop/client/6/ HTTP/1.1" 200 2359
INFO 2024-05-20 04:41:27,122 basehttp 1397 6202535936"GET /shop/client/6/ HTTP/1.1" 200 2359
INFO 2024-05-20 04:41:36,009 basehttp 1397 6202535936"GET /shop/client/6/ HTTP/1.1" 200 2359
WARNING 2024-05-20 04:41:39,532 log 1397 6202535936Not Found: /clients/
WARNING 2024-05-20 04:41:39,533 basehttp 1397 6202535936"GET /clients/ HTTP/1.1" 404 2538
INFO 2024-05-20 04:41:49,070 views 1397 6202535936Home page accessed
INFO 2024-05-20 04:41:49,071 basehttp 1397 6202535936"GET / HTTP/1.1" 200 149
INFO 2024-05-20 04:44:17,314 basehttp 1397 6202535936"GET /shop/client/5/ HTTP/1.1" 200 787
INFO 2024-05-20 04:44:19,057 basehttp 1397 6202535936"GET /shop/client/5/ HTTP/1.1" 200 787
INFO 2024-05-20 04:44:20,075 basehttp 1397 6202535936"GET /shop/client/5/ HTTP/1.1" 200 787
INFO 2024-05-20 04:44:20,957 basehttp 1397 6202535936"GET /shop/client/5/ HTTP/1.1" 200 787
INFO 2024-05-20 04:44:28,594 basehttp 1397 6202535936"GET /shop/client/5/ HTTP/1.1" 200 794
INFO 2024-05-20 04:45:06,886 basehttp 1397 6202535936"GET /shop/client/5/ HTTP/1.1" 200 770
INFO 2024-05-20 04:45:08,459 basehttp 1397 6202535936"GET /shop/client/5/ HTTP/1.1" 200 770
INFO 2024-05-20 04:49:21,368 autoreload 1397 8399092416/Users/surnaya.m/Desktop/Geek/Django/project-django/DjangoHW/homeproject/myshopapp/views.py changed, reloading.
INFO 2024-05-20 04:49:21,645 autoreload 1449 8399092416Watching for file changes with StatReloader
INFO 2024-05-20 04:49:52,250 autoreload 1449 8399092416/Users/surnaya.m/Desktop/Geek/Django/project-django/DjangoHW/homeproject/myshopapp/views.py changed, reloading.
INFO 2024-05-20 04:49:52,549 autoreload 1465 8399092416Watching for file changes with StatReloader
INFO 2024-05-20 04:51:08,916 autoreload 1465 8399092416/Users/surnaya.m/Desktop/Geek/Django/project-django/DjangoHW/homeproject/myshopapp/views.py changed, reloading.
INFO 2024-05-20 04:51:09,182 autoreload 1473 8399092416Watching for file changes with StatReloader
INFO 2024-05-20 04:54:01,457 autoreload 1473 8399092416/Users/surnaya.m/Desktop/Geek/Django/project-django/DjangoHW/homeproject/myshopapp/urls.py changed, reloading.
INFO 2024-05-20 04:54:01,711 autoreload 1519 8399092416Watching for file changes with StatReloader
INFO 2024-05-20 04:54:02,117 basehttp 1519 6199078912"GET /shop/client/5/ HTTP/1.1" 200 715
ERROR 2024-05-20 04:54:38,891 log 1519 6199078912Internal Server Error: /shop/client/5/orders/
Traceback (most recent call last):
  File "/Users/surnaya.m/Desktop/Geek/Django/project-django/DjangoHW/homeproject/myshopapp/views.py", line 75, in ordered_products
    client = Client.objects.get(pk=pk)
  File "/Users/surnaya.m/Desktop/Geek/Django/project-django/DjangoHW/.venv/lib/python3.9/site-packages/django/db/models/manager.py", line 87, in manager_method
    return getattr(self.get_queryset(), name)(*args, **kwargs)
  File "/Users/surnaya.m/Desktop/Geek/Django/project-django/DjangoHW/.venv/lib/python3.9/site-packages/django/db/models/query.py", line 637, in get
    raise self.model.DoesNotExist(
myshopapp.models.Client.DoesNotExist: Client matching query does not exist.

During handling of the above exception, another exception occurred:

Traceback (most recent call last):
  File "/Users/surnaya.m/Desktop/Geek/Django/project-django/DjangoHW/.venv/lib/python3.9/site-packages/django/core/handlers/exception.py", line 55, in inner
    response = get_response(request)
  File "/Users/surnaya.m/Desktop/Geek/Django/project-django/DjangoHW/.venv/lib/python3.9/site-packages/django/core/handlers/base.py", line 197, in _get_response
    response = wrapped_callback(request, *callback_args, **callback_kwargs)
  File "/Users/surnaya.m/Desktop/Geek/Django/project-django/DjangoHW/homeproject/myshopapp/views.py", line 77, in ordered_products
    return render(request, 'ordered_products.html', {'error': 'Клиент с данным ID не найден.'})
  File "/Users/surnaya.m/Desktop/Geek/Django/project-django/DjangoHW/.venv/lib/python3.9/site-packages/django/shortcuts.py", line 24, in render
    content = loader.render_to_string(template_name, context, request, using=using)
  File "/Users/surnaya.m/Desktop/Geek/Django/project-django/DjangoHW/.venv/lib/python3.9/site-packages/django/template/loader.py", line 61, in render_to_string
    template = get_template(template_name, using=using)
  File "/Users/surnaya.m/Desktop/Geek/Django/project-django/DjangoHW/.venv/lib/python3.9/site-packages/django/template/loader.py", line 19, in get_template
    raise TemplateDoesNotExist(template_name, chain=chain)
django.template.exceptions.TemplateDoesNotExist: ordered_products.html
ERROR 2024-05-20 04:54:38,897 basehttp 1519 6199078912"GET /shop/client/5/orders/ HTTP/1.1" 500 93605
INFO 2024-05-20 04:55:02,141 basehttp 1519 6199078912"GET /shop/client/5/ HTTP/1.1" 200 715
ERROR 2024-05-20 04:56:15,228 log 1519 6199078912Internal Server Error: /shop/client/5/orders/
Traceback (most recent call last):
  File "/Users/surnaya.m/Desktop/Geek/Django/project-django/DjangoHW/homeproject/myshopapp/views.py", line 75, in ordered_products
    client = Client.objects.get(pk=pk)
  File "/Users/surnaya.m/Desktop/Geek/Django/project-django/DjangoHW/.venv/lib/python3.9/site-packages/django/db/models/manager.py", line 87, in manager_method
    return getattr(self.get_queryset(), name)(*args, **kwargs)
  File "/Users/surnaya.m/Desktop/Geek/Django/project-django/DjangoHW/.venv/lib/python3.9/site-packages/django/db/models/query.py", line 637, in get
    raise self.model.DoesNotExist(
myshopapp.models.Client.DoesNotExist: Client matching query does not exist.

During handling of the above exception, another exception occurred:

Traceback (most recent call last):
  File "/Users/surnaya.m/Desktop/Geek/Django/project-django/DjangoHW/.venv/lib/python3.9/site-packages/django/core/handlers/exception.py", line 55, in inner
    response = get_response(request)
  File "/Users/surnaya.m/Desktop/Geek/Django/project-django/DjangoHW/.venv/lib/python3.9/site-packages/django/core/handlers/base.py", line 197, in _get_response
    response = wrapped_callback(request, *callback_args, **callback_kwargs)
  File "/Users/surnaya.m/Desktop/Geek/Django/project-django/DjangoHW/homeproject/myshopapp/views.py", line 77, in ordered_products
    return render(request, 'ordered_products.html', {'error': 'Клиент с данным ID не найден.'})
  File "/Users/surnaya.m/Desktop/Geek/Django/project-django/DjangoHW/.venv/lib/python3.9/site-packages/django/shortcuts.py", line 24, in render
    content = loader.render_to_string(template_name, context, request, using=using)
  File "/Users/surnaya.m/Desktop/Geek/Django/project-django/DjangoHW/.venv/lib/python3.9/site-packages/django/template/loader.py", line 61, in render_to_string
    template = get_template(template_name, using=using)
  File "/Users/surnaya.m/Desktop/Geek/Django/project-django/DjangoHW/.venv/lib/python3.9/site-packages/django/template/loader.py", line 19, in get_template
    raise TemplateDoesNotExist(template_name, chain=chain)
django.template.exceptions.TemplateDoesNotExist: ordered_products.html
ERROR 2024-05-20 04:56:15,231 basehttp 1519 6199078912"GET /shop/client/5/orders/ HTTP/1.1" 500 93605
INFO 2024-05-20 04:56:17,378 basehttp 1519 6199078912"GET /shop/client/5/ HTTP/1.1" 200 715
INFO 2024-05-20 04:58:08,194 autoreload 1519 8399092416/Users/surnaya.m/Desktop/Geek/Django/project-django/DjangoHW/homeproject/myshopapp/views.py changed, reloading.
INFO 2024-05-20 04:58:08,433 autoreload 1554 8399092416Watching for file changes with StatReloader
INFO 2024-05-20 04:58:10,737 views 1554 6199209984Home page accessed
INFO 2024-05-20 04:58:10,738 basehttp 1554 6199209984"GET / HTTP/1.1" 200 149
INFO 2024-05-20 04:58:13,780 views 1554 6199209984Home page accessed
INFO 2024-05-20 04:58:13,780 basehttp 1554 6199209984"GET / HTTP/1.1" 200 149
WARNING 2024-05-20 04:58:14,341 log 1554 6199209984Not Found: /coin/
WARNING 2024-05-20 04:58:14,342 basehttp 1554 6199209984"GET /coin/ HTTP/1.1" 404 2529
WARNING 2024-05-20 04:58:19,476 log 1554 6199209984Not Found: /clients
WARNING 2024-05-20 04:58:19,476 basehttp 1554 6199209984"GET /clients HTTP/1.1" 404 2535
WARNING 2024-05-20 04:58:32,927 log 1554 6199209984Not Found: /clients/3/orderds
WARNING 2024-05-20 04:58:32,927 basehttp 1554 6199209984"GET /clients/3/orderds HTTP/1.1" 404 2565
INFO 2024-05-20 05:04:54,898 autoreload 1634 8399092416Watching for file changes with StatReloader
INFO 2024-05-20 05:04:56,116 views 1634 6137376768Home page accessed
INFO 2024-05-20 05:04:56,117 basehttp 1634 6137376768"GET / HTTP/1.1" 200 149
INFO 2024-05-20 05:05:00,706 views 1634 6137376768Home page accessed
INFO 2024-05-20 05:05:00,706 basehttp 1634 6137376768"GET / HTTP/1.1" 200 149
WARNING 2024-05-20 05:05:02,054 log 1634 6137376768Not Found: /coin/
WARNING 2024-05-20 05:05:02,055 basehttp 1634 6137376768"GET /coin/ HTTP/1.1" 404 2529
WARNING 2024-05-20 05:05:05,867 log 1634 6137376768Not Found: /clients
WARNING 2024-05-20 05:05:05,868 basehttp 1634 6137376768"GET /clients HTTP/1.1" 404 2535
INFO 2024-05-20 05:05:33,747 autoreload 1634 8399092416/Users/surnaya.m/Desktop/Geek/Django/project-django/DjangoHW/homeproject/myshopapp/urls.py changed, reloading.
INFO 2024-05-20 05:05:33,987 autoreload 1644 8399092416Watching for file changes with StatReloader
INFO 2024-05-20 05:05:35,501 views 1644 6199980032Home page accessed
INFO 2024-05-20 05:05:35,502 basehttp 1644 6199980032"GET / HTTP/1.1" 200 149
INFO 2024-05-20 05:05:38,591 views 1644 6199980032Home page accessed
INFO 2024-05-20 05:05:38,592 basehttp 1644 6199980032"GET / HTTP/1.1" 200 149
WARNING 2024-05-20 05:05:40,100 log 1644 6199980032Not Found: /coin/
WARNING 2024-05-20 05:05:40,101 basehttp 1644 6199980032"GET /coin/ HTTP/1.1" 404 2529
WARNING 2024-05-20 05:05:50,963 log 1644 6199980032Not Found: /clients
WARNING 2024-05-20 05:05:50,964 basehttp 1644 6199980032"GET /clients HTTP/1.1" 404 2535
INFO 2024-05-20 05:06:22,008 autoreload 1644 8399092416/Users/surnaya.m/Desktop/Geek/Django/project-django/DjangoHW/homeproject/myshopapp/urls.py changed, reloading.
INFO 2024-05-20 05:06:22,258 autoreload 1656 8399092416Watching for file changes with StatReloader
INFO 2024-05-20 05:06:23,497 views 1656 6201847808Home page accessed
INFO 2024-05-20 05:06:23,498 basehttp 1656 6201847808"GET / HTTP/1.1" 200 149
INFO 2024-05-20 05:06:26,266 views 1656 6201847808Home page accessed
INFO 2024-05-20 05:06:26,267 basehttp 1656 6201847808"GET / HTTP/1.1" 200 149
WARNING 2024-05-20 05:06:27,819 log 1656 6201847808Not Found: /coin/
WARNING 2024-05-20 05:06:27,819 basehttp 1656 6201847808"GET /coin/ HTTP/1.1" 404 2529
INFO 2024-05-20 05:06:39,843 basehttp 1656 6201847808"GET /shop/client/1/ HTTP/1.1" 200 715
INFO 2024-05-20 05:06:41,101 basehttp 1656 6201847808"GET /shop/ HTTP/1.1" 200 126
INFO 2024-05-20 05:06:46,839 basehttp 1656 6201847808"GET /shop/client/1/ HTTP/1.1" 200 715
INFO 2024-05-20 05:06:51,429 basehttp 1656 6201847808"GET /shop/clients HTTP/1.1" 301 0
INFO 2024-05-20 05:06:51,455 basehttp 1656 6201847808"GET /shop/clients/ HTTP/1.1" 200 4572
INFO 2024-05-20 05:06:56,345 basehttp 1656 6201847808"GET /shop/client/3/orders/ HTTP/1.1" 200 735
INFO 2024-05-20 05:07:05,961 basehttp 1656 6201847808"GET /shop/client/16/orders/ HTTP/1.1" 200 876
INFO 2024-05-20 05:07:09,736 basehttp 1656 6201847808"GET /shop/client/27/orders/ HTTP/1.1" 200 810
INFO 2024-05-20 05:07:14,696 basehttp 1656 6201847808"GET /shop/client/30/orders/ HTTP/1.1" 200 810
INFO 2024-05-20 05:07:17,333 basehttp 1656 6201847808"GET /shop/client/10/orders/ HTTP/1.1" 200 876
INFO 2024-05-20 05:07:29,511 basehttp 1656 6201847808"GET /shop/client/26/orders/ HTTP/1.1" 200 810
INFO 2024-05-20 05:07:41,632 basehttp 1656 6201847808"GET /shop/client/3/orders/ HTTP/1.1" 200 735
INFO 2024-05-20 05:07:48,057 basehttp 1656 6201847808"GET /shop/client/1/orders/ HTTP/1.1" 200 285
